\BOOKMARK [0][-]{chapter.1}{\376\377\000I\000n\000t\000r\000o\000d\000u\000c\000t\000i\000o\000n}{}% 1
\BOOKMARK [1][-]{section.1.1}{\376\377\000I\000s\000o\000l\000a\000t\000i\000n\000g\000\040\000A\000c\000t\000i\000o\000n\000\040\000M\000o\000m\000e\000n\000t\000s\000\040\000i\000n\000\040\000F\000i\000l\000m}{chapter.1}% 2
\BOOKMARK [1][-]{section.1.2}{\376\377\000P\000r\000e\000s\000e\000n\000c\000e\000\040\000o\000f\000\040\000M\000u\000l\000t\000i\000p\000l\000e\000\040\000A\000c\000t\000i\000o\000n\000\040\000S\000c\000e\000n\000a\000r\000i\000o\000s}{chapter.1}% 3
\BOOKMARK [1][-]{section.1.3}{\376\377\000D\000a\000t\000a\000\040\000C\000o\000l\000l\000a\000t\000i\000o\000n}{chapter.1}% 4
\BOOKMARK [0][-]{chapter.2}{\376\377\000R\000e\000l\000a\000t\000e\000d\000\040\000W\000o\000r\000k\000s}{}% 5
\BOOKMARK [0][-]{chapter.3}{\376\377\000M\000e\000t\000h\000o\000d\000o\000l\000o\000g\000y}{}% 6
\BOOKMARK [1][-]{section.3.1}{\376\377\000P\000r\000o\000p\000o\000s\000e\000d\000\040\000A\000p\000p\000r\000o\000a\000c\000h}{chapter.3}% 7
\BOOKMARK [2][-]{subsection.3.1.1}{\376\377\000S\000h\000o\000t\000\040\000B\000o\000u\000n\000d\000a\000r\000y\000\040\000D\000e\000t\000e\000c\000t\000i\000o\000n\000\040\000\050\000S\000B\000D\000\051}{section.3.1}% 8
\BOOKMARK [2][-]{subsection.3.1.2}{\376\377\000K\000e\000y\000\040\000S\000h\000o\000t\000\040\000E\000x\000t\000r\000a\000c\000t\000i\000o\000n\000\040\000o\000r\000\040\000K\000e\000y\000\040\000F\000r\000a\000m\000e\000\040\000E\000x\000t\000r\000a\000c\000t\000i\000o\000n\000\040\000\050\000K\000S\000E\000\040\000o\000r\000\040\000K\000F\000E\000\051}{section.3.1}% 9
\BOOKMARK [2][-]{subsection.3.1.3}{\376\377\000V\000i\000d\000e\000o\000\040\000C\000l\000a\000s\000s\000i\000f\000i\000c\000a\000t\000i\000o\000n}{section.3.1}% 10
\BOOKMARK [1][-]{section.3.2}{\376\377\000D\000a\000t\000a\000s\000e\000t}{chapter.3}% 11
\BOOKMARK [1][-]{section.3.3}{\376\377\000E\000x\000p\000e\000r\000i\000m\000e\000n\000t\000s}{chapter.3}% 12
\BOOKMARK [2][-]{subsection.3.3.1}{\376\377\000A\000u\000t\000o\000s\000h\000o\000t\000\040\000v\000s\000\040\000C\000o\000s\000i\000n\000e\000\040\000S\000i\000m\000i\000l\000a\000r\000i\000t\000y\000\040\000o\000f\000\040\000S\000i\000g\000L\000I\000P\000\040\000e\000x\000t\000r\000a\000c\000t\000e\000d\000\040\000f\000e\000a\000t\000u\000r\000e\000s\000\040\000f\000o\000r\000\040\000S\000h\000o\000t\000\040\000B\000o\000u\000n\000d\000a\000r\000y\000\040\000D\000e\000t\000e\000c\000t\000i\000o\000n}{section.3.3}% 13
\BOOKMARK [2][-]{subsection.3.3.2}{\376\377\000V\000i\000d\000e\000o\000\040\000C\000l\000a\000s\000s\000i\000f\000i\000c\000a\000t\000i\000o\000n\000\040\000w\000i\000t\000h\000\040\000E\000u\000c\000l\000i\000d\000e\000a\000n\000\040\000b\000a\000s\000e\000d\000\040\000K\000e\000y\000s\000h\000o\000t\000s}{section.3.3}% 14
\BOOKMARK [0][-]{chapter.4}{\376\377\000R\000e\000s\000u\000l\000t\000s\000\040\000a\000n\000d\000\040\000D\000i\000s\000c\000u\000s\000s\000i\000o\000n}{}% 15
\BOOKMARK [1][-]{section.4.1}{\376\377\000A\000u\000t\000o\000s\000h\000o\000t\000\040\000v\000s\000\040\000C\000o\000s\000i\000n\000e\000\040\000S\000i\000m\000i\000l\000a\000r\000i\000t\000y\000\040\000o\000f\000\040\000S\000i\000g\000L\000I\000P\000\040\000e\000x\000t\000r\000a\000c\000t\000e\000d}{chapter.4}% 16
\BOOKMARK [1][-]{section.4.2}{\376\377\000V\000i\000d\000e\000o\000\040\000C\000l\000a\000s\000s\000i\000f\000i\000c\000a\000t\000i\000o\000n\000\040\000w\000i\000t\000h\000\040\000E\000u\000c\000l\000i\000d\000e\000a\000n\000\040\000b\000a\000s\000e\000d\000\040\000K\000e\000y\000s\000h\000o\000t\000\040\000E\000x\000t\000r\000a\000c\000t\000i\000o\000n}{chapter.4}% 17
\BOOKMARK [0][-]{chapter.5}{\376\377\000C\000o\000n\000c\000l\000u\000s\000i\000o\000n}{}% 18
\BOOKMARK [0][-]{chapter*.29}{\376\377\000B\000i\000b\000l\000i\000o\000g\000r\000a\000p\000h\000y}{}% 19
\BOOKMARK [0][-]{chapter*.29}{\376\377\000A\000p\000p\000e\000n\000d\000i\000c\000e\000s}{}% 20
\BOOKMARK [0][-]{appendix.A}{\376\377\000D\000a\000t\000a\000s\000e\000t\000\040\000f\000o\000r\000\040\000S\000h\000o\000t\000\040\000B\000o\000u\000n\000d\000a\000r\000y\000\040\000D\000e\000t\000e\000c\000t\000i\000o\000n\000\040\000E\000v\000a\000l\000u\000a\000t\000i\000o\000n}{}% 21
\BOOKMARK [0][-]{appendix.B}{\376\377\000D\000a\000t\000a\000s\000e\000t\000\040\000f\000o\000r\000\040\000V\000a\000r\000i\000o\000u\000s\000\040\000A\000c\000t\000i\000o\000n\000\040\000f\000o\000r\000m\000s\000\040\000i\000n\000\040\000t\000h\000e\000\040\000m\000o\000v\000i\000e}{}% 22
\BOOKMARK [0][-]{appendix.C}{\376\377\000A\000n\000n\000o\000t\000a\000t\000e\000d\000\040\000M\000o\000v\000i\000e\000\040\000D\000a\000t\000a\000s\000e\000t}{}% 23
\BOOKMARK [0][-]{appendix.D}{\376\377\000C\000o\000d\000e\000\040\000f\000o\000r\000\040\000D\000a\000t\000a\000\040\000P\000r\000e\000p\000a\000r\000a\000t\000i\000o\000n}{}% 24
\BOOKMARK [0][-]{appendix.E}{\376\377\000C\000o\000d\000e\000\040\000f\000o\000r\000\040\000S\000h\000o\000t\000\040\000B\000o\000u\000n\000d\000a\000r\000y\000\040\000D\000e\000t\000e\000c\000t\000i\000o\000n}{}% 25
\BOOKMARK [0][-]{appendix.F}{\376\377\000C\000o\000d\000e\000\040\000f\000o\000r\000\040\000K\000e\000y\000\040\000S\000h\000o\000t\000\040\000F\000r\000a\000m\000e\000\040\000E\000x\000t\000r\000a\000c\000t\000i\000o\000n}{}% 26
\BOOKMARK [0][-]{appendix.G}{\376\377\000C\000o\000d\000e\000\040\000f\000o\000r\000\040\000L\000L\000M\000\040\000i\000n\000f\000e\000r\000e\000n\000c\000e}{}% 27
\BOOKMARK [0][-]{appendix.H}{\376\377\000D\000a\000t\000a\000\040\000G\000e\000n\000e\000r\000a\000t\000e\000d\000\040\000f\000r\000o\000m\000\040\000A\000u\000t\000o\000s\000h\000o\000t\000\040\000a\000n\000d\000\040\000S\000i\000g\000L\000I\000P\000\040\000e\000x\000t\000r\000a\000c\000t\000e\000d\000\040\000f\000e\000a\000t\000u\000r\000e\000s}{}% 28
\BOOKMARK [0][-]{appendix.I}{\376\377\000C\000o\000d\000e\000\040\000T\000o\000\040\000E\000x\000t\000r\000a\000c\000t\000\040\000S\000h\000o\000t\000\040\000C\000l\000i\000p\000s\000\040\000f\000r\000o\000m\000\040\000S\000h\000o\000t\000\040\000B\000o\000u\000n\000d\000a\000r\000y\000\040\000F\000i\000l\000e\000s}{}% 29
\BOOKMARK [0][-]{appendix.J}{\376\377\000C\000o\000d\000e\000\040\000T\000o\000\040\000E\000x\000t\000r\000a\000c\000t\000\040\000F\000r\000a\000m\000e\000s\000\040\000f\000r\000o\000m\000\040\000V\000i\000d\000e\000o\000s}{}% 30
\BOOKMARK [0][-]{appendix.K}{\376\377\000C\000o\000d\000e\000\040\000T\000o\000\040\000P\000e\000r\000f\000o\000r\000m\000\040\000S\000h\000o\000t\000\040\000E\000x\000t\000r\000a\000c\000t\000i\000o\000n\000\040\000w\000i\000t\000h\000\040\000A\000u\000t\000o\000s\000h\000o\000t\000\040\000m\000o\000d\000e\000l}{}% 31
\BOOKMARK [0][-]{appendix.L}{\376\377\000C\000o\000d\000e\000\040\000u\000s\000e\000d\000\040\000f\000o\000r\000\040\000F\000i\000n\000e\000\040\000t\000u\000n\000i\000n\000g\000\040\000L\000L\000a\000V\000A}{}% 32
\BOOKMARK [0][-]{appendix.M}{\376\377\000R\000e\000s\000u\000l\000t\000\040\000o\000f\000\040\000S\000h\000o\000t\000s\000\040\000D\000e\000t\000e\000c\000t\000e\000d\000\040\000f\000o\000r\000\040\000v\000a\000r\000i\000o\000u\000s\000\040\000t\000r\000a\000n\000s\000i\000t\000i\000o\000n\000s\000\040\000b\000y\000\040\000A\000u\000t\000o\000s\000h\000o\000t\000\040\000a\000n\000d\000\040\000w\000i\000t\000h\000\040\000S\000i\000g\000L\000I\000P\000\040\000w\000i\000t\000h\000\040\000c\000o\000s\000i\000n\000e\000\040\000s\000i\000m\000i\000l\000a\000r\000i\000t\000y}{}% 33
\BOOKMARK [0][-]{appendix.N}{\376\377\000Z\000e\000r\000o\000\040\000S\000h\000o\000t\000\040\000V\000i\000d\000e\000o\000\040\000c\000l\000a\000s\000s\000i\000f\000i\000c\000a\000t\000i\000o\000n\000\040\000o\000f\000\040\000E\000u\000c\000l\000i\000d\000e\000a\000n\000\040\000b\000a\000s\000e\000\040\000k\000e\000y\000s\000h\000o\000t\000\040\000e\000x\000t\000r\000a\000c\000t\000i\000o\000n}{}% 34
\BOOKMARK [0][-]{appendix.O}{\376\377\000C\000o\000d\000e\000\040\000f\000o\000r\000\040\000a\000n\000a\000l\000y\000z\000i\000n\000g\000\040\000t\000h\000e\000\040\000o\000p\000t\000i\000m\000u\000m\000\040\000c\000o\000s\000i\000n\000e\000\040\000s\000i\000m\000i\000l\000a\000r\000i\000t\000y\000\040\000t\000h\000r\000e\000s\000h\000o\000l\000d\000\040\000i\000n\000\040\000S\000i\000g\000L\000I\000P}{}% 35
